<?xml version="1.0" encoding="UTF-8"?>
<!-- Generated by org.testng.reporters.JUnitReportReporter -->
<testsuite hostname="Pi-PC" failures="1" tests="5" name="Want_to_ivi" time="12.397" errors="0" timestamp="26 дек. 2019 21:49:37 GMT" skipped="4">
  <testcase classname="Want_to_ivi" name="playIvi" time="0.000">
    <skipped/>
  </testcase> <!-- playIvi -->
  <testcase classname="Want_to_ivi" name="wikiIvi" time="0.000">
    <skipped/>
  </testcase> <!-- wikiIvi -->
  <testcase classname="Want_to_ivi" name="browserLocale" time="1.375">
    <skipped/>
  </testcase> <!-- browserLocale -->
  <testcase classname="Want_to_ivi" name="imagesOfIviInGooglePictures" time="0.000">
    <skipped/>
  </testcase> <!-- imagesOfIviInGooglePictures -->
  <testcase classname="Want_to_ivi" name="getSeach" time="11.022">
    <failure message="РЅРµ РЅР°Р№РґРµРЅ СЌР»РµРјРµРЅС‚ By.xpath: .//*[@class=&#039;FPdoLc tfB0Bf&#039;]/*/input[@aria-label=&#039;РџРѕРёСЃРє РІ Google&#039;]" type="java.lang.AssertionError">
      <![CDATA[java.lang.AssertionError: РЅРµ РЅР°Р№РґРµРЅ СЌР»РµРјРµРЅС‚ By.xpath: .//*[@class='FPdoLc tfB0Bf']/*/input[@aria-label='РџРѕРёСЃРє РІ Google']
at org.testng.Assert.fail(Assert.java:96)
at Want_to_ivi.click(Want_to_ivi.java:124)
at Want_to_ivi.getSeach(Want_to_ivi.java:34)
at java.base/jdk.internal.reflect.NativeMethodAccessorImpl.invoke0(Native Method)
at java.base/jdk.internal.reflect.NativeMethodAccessorImpl.invoke(NativeMethodAccessorImpl.java:62)
at java.base/jdk.internal.reflect.DelegatingMethodAccessorImpl.invoke(DelegatingMethodAccessorImpl.java:43)
at java.base/java.lang.reflect.Method.invoke(Method.java:564)
at org.testng.internal.MethodInvocationHelper.invokeMethod(MethodInvocationHelper.java:124)
at org.testng.internal.MethodInvocationHelper.invokeMethodConsideringTimeout(MethodInvocationHelper.java:59)
at org.testng.internal.Invoker.invokeConfigurationMethod(Invoker.java:455)
at org.testng.internal.Invoker.invokeConfigurations(Invoker.java:222)
at org.testng.internal.Invoker.invokeMethod(Invoker.java:520)
at org.testng.internal.Invoker.invokeTestMethod(Invoker.java:716)
at org.testng.internal.Invoker.invokeTestMethods(Invoker.java:988)
at org.testng.internal.TestMethodWorker.invokeTestMethods(TestMethodWorker.java:125)
at org.testng.internal.TestMethodWorker.run(TestMethodWorker.java:109)
at org.testng.TestRunner.privateRun(TestRunner.java:648)
at org.testng.TestRunner.run(TestRunner.java:505)
at org.testng.SuiteRunner.runTest(SuiteRunner.java:455)
at org.testng.SuiteRunner.access$000(SuiteRunner.java:40)
at org.testng.SuiteRunner$SuiteWorker.run(SuiteRunner.java:489)
at org.testng.internal.thread.ThreadUtil$1.call(ThreadUtil.java:52)
at java.base/java.util.concurrent.FutureTask.run(FutureTask.java:264)
at java.base/java.util.concurrent.ThreadPoolExecutor.runWorker(ThreadPoolExecutor.java:1135)
at java.base/java.util.concurrent.ThreadPoolExecutor$Worker.run(ThreadPoolExecutor.java:635)
at java.base/java.lang.Thread.run(Thread.java:844)
]]>
    </failure>
  </testcase> <!-- getSeach -->
</testsuite> <!-- Want_to_ivi -->
